2023-02-10 18:54:36,015 INFO org.springframework.boot.StartupInfoLogger [main] Starting Application using Java 17.0.5 on HOME-PC with PID 19360 (C:\Users\russell32\IdeaProjects\searchengine-master\target\classes started by russell32 in C:\Users\russell32\IdeaProjects\searchengine-master)
2023-02-10 18:54:36,025 INFO org.springframework.boot.SpringApplication [main] No active profile set, falling back to 1 default profile: "default"
2023-02-10 18:54:37,330 INFO org.springframework.data.repository.config.RepositoryConfigurationDelegate [main] Bootstrapping Spring Data JPA repositories in DEFAULT mode.
2023-02-10 18:54:37,436 INFO org.springframework.data.repository.config.RepositoryConfigurationDelegate [main] Finished Spring Data repository scanning in 90 ms. Found 4 JPA repository interfaces.
2023-02-10 18:54:38,448 INFO org.springframework.boot.web.embedded.tomcat.TomcatWebServer [main] Tomcat initialized with port(s): 8080 (http)
2023-02-10 18:54:38,463 INFO org.apache.juli.logging.DirectJDKLog [main] Initializing ProtocolHandler ["http-nio-8080"]
2023-02-10 18:54:38,464 INFO org.apache.juli.logging.DirectJDKLog [main] Starting service [Tomcat]
2023-02-10 18:54:38,465 INFO org.apache.juli.logging.DirectJDKLog [main] Starting Servlet engine: [Apache Tomcat/9.0.65]
2023-02-10 18:54:38,626 INFO org.apache.juli.logging.DirectJDKLog [main] Initializing Spring embedded WebApplicationContext
2023-02-10 18:54:38,626 INFO org.springframework.boot.web.servlet.context.ServletWebServerApplicationContext [main] Root WebApplicationContext: initialization completed in 2536 ms
2023-02-10 18:54:38,936 INFO org.hibernate.jpa.internal.util.LogHelper [main] HHH000204: Processing PersistenceUnitInfo [name: default]
2023-02-10 18:54:39,004 INFO org.hibernate.Version [main] HHH000412: Hibernate ORM core version 5.6.11.Final
2023-02-10 18:54:39,240 INFO org.hibernate.annotations.common.reflection.java.JavaReflectionManager [main] HCANN000001: Hibernate Commons Annotations {5.1.2.Final}
2023-02-10 18:54:39,393 INFO com.zaxxer.hikari.HikariDataSource [main] HikariPool-1 - Starting...
2023-02-10 18:54:39,577 INFO com.zaxxer.hikari.HikariDataSource [main] HikariPool-1 - Start completed.
2023-02-10 18:54:39,598 INFO org.hibernate.dialect.Dialect [main] HHH000400: Using dialect: org.hibernate.dialect.MySQL8Dialect
2023-02-10 18:54:40,569 INFO org.hibernate.engine.transaction.jta.platform.internal.JtaPlatformInitiator [main] HHH000490: Using JtaPlatform implementation: [org.hibernate.engine.transaction.jta.platform.internal.NoJtaPlatform]
2023-02-10 18:54:40,579 INFO org.springframework.orm.jpa.AbstractEntityManagerFactoryBean [main] Initialized JPA EntityManagerFactory for persistence unit 'default'
2023-02-10 18:54:42,568 INFO org.springframework.security.web.DefaultSecurityFilterChain [main] Will secure any request with [org.springframework.security.web.session.DisableEncodeUrlFilter@6166aac5, org.springframework.security.web.context.request.async.WebAsyncManagerIntegrationFilter@7e36d508, org.springframework.security.web.context.SecurityContextPersistenceFilter@1701beb3, org.springframework.security.web.header.HeaderWriterFilter@22c4354d, org.springframework.security.web.authentication.logout.LogoutFilter@4a34de5e, org.springframework.security.web.authentication.UsernamePasswordAuthenticationFilter@684430c1, org.springframework.security.web.authentication.ui.DefaultLoginPageGeneratingFilter@5ef7ae2f, org.springframework.security.web.authentication.ui.DefaultLogoutPageGeneratingFilter@1d4531fa, org.springframework.security.web.savedrequest.RequestCacheAwareFilter@4c599679, org.springframework.security.web.servletapi.SecurityContextHolderAwareRequestFilter@15fd3088, org.springframework.security.web.authentication.AnonymousAuthenticationFilter@68cb8e52, org.springframework.security.web.session.SessionManagementFilter@41f5389f, org.springframework.security.web.access.ExceptionTranslationFilter@13ae87a6, org.springframework.security.web.access.intercept.FilterSecurityInterceptor@2b30b627]
2023-02-10 18:54:42,937 INFO org.springframework.boot.autoconfigure.web.servlet.WelcomePageHandlerMapping [main] Adding welcome page template: index
2023-02-10 18:54:44,797 INFO org.apache.juli.logging.DirectJDKLog [main] Starting ProtocolHandler ["http-nio-8080"]
2023-02-10 18:54:44,822 WARN org.springframework.context.support.AbstractApplicationContext [main] Exception encountered during context initialization - cancelling refresh attempt: org.springframework.context.ApplicationContextException: Failed to start bean 'webServerStartStop'; nested exception is org.springframework.boot.web.server.PortInUseException: Port 8080 is already in use
2023-02-10 18:54:44,830 INFO org.springframework.orm.jpa.AbstractEntityManagerFactoryBean [main] Closing JPA EntityManagerFactory for persistence unit 'default'
2023-02-10 18:54:44,833 INFO com.zaxxer.hikari.HikariDataSource [main] HikariPool-1 - Shutdown initiated...
2023-02-10 18:54:44,852 INFO com.zaxxer.hikari.HikariDataSource [main] HikariPool-1 - Shutdown completed.
2023-02-10 18:54:44,860 INFO org.apache.juli.logging.DirectJDKLog [main] Pausing ProtocolHandler ["http-nio-8080"]
2023-02-10 18:54:44,860 INFO org.apache.juli.logging.DirectJDKLog [main] Stopping service [Tomcat]
2023-02-10 18:54:44,867 INFO org.apache.juli.logging.DirectJDKLog [main] Stopping ProtocolHandler ["http-nio-8080"]
2023-02-10 18:54:44,868 INFO org.apache.juli.logging.DirectJDKLog [main] Destroying ProtocolHandler ["http-nio-8080"]
2023-02-10 18:54:44,897 INFO org.springframework.boot.autoconfigure.logging.ConditionEvaluationReportLoggingListener [main] 

Error starting ApplicationContext. To display the conditions report re-run your application with 'debug' enabled.
2023-02-10 18:54:44,928 ERROR org.springframework.boot.diagnostics.LoggingFailureAnalysisReporter [main] 

***************************
APPLICATION FAILED TO START
***************************

Description:

Web server failed to start. Port 8080 was already in use.

Action:

Identify and stop the process that's listening on port 8080 or configure this application to listen on another port.

2023-02-10 18:55:03,229 INFO org.springframework.boot.StartupInfoLogger [main] Starting Application using Java 17.0.5 on HOME-PC with PID 7972 (C:\Users\russell32\IdeaProjects\searchengine-master\target\classes started by russell32 in C:\Users\russell32\IdeaProjects\searchengine-master)
2023-02-10 18:55:03,239 INFO org.springframework.boot.SpringApplication [main] No active profile set, falling back to 1 default profile: "default"
2023-02-10 18:55:04,469 INFO org.springframework.data.repository.config.RepositoryConfigurationDelegate [main] Bootstrapping Spring Data JPA repositories in DEFAULT mode.
2023-02-10 18:55:04,577 INFO org.springframework.data.repository.config.RepositoryConfigurationDelegate [main] Finished Spring Data repository scanning in 94 ms. Found 4 JPA repository interfaces.
2023-02-10 18:55:06,148 INFO org.springframework.boot.web.embedded.tomcat.TomcatWebServer [main] Tomcat initialized with port(s): 8080 (http)
2023-02-10 18:55:06,163 INFO org.apache.juli.logging.DirectJDKLog [main] Initializing ProtocolHandler ["http-nio-8080"]
2023-02-10 18:55:06,164 INFO org.apache.juli.logging.DirectJDKLog [main] Starting service [Tomcat]
2023-02-10 18:55:06,164 INFO org.apache.juli.logging.DirectJDKLog [main] Starting Servlet engine: [Apache Tomcat/9.0.65]
2023-02-10 18:55:06,339 INFO org.apache.juli.logging.DirectJDKLog [main] Initializing Spring embedded WebApplicationContext
2023-02-10 18:55:06,339 INFO org.springframework.boot.web.servlet.context.ServletWebServerApplicationContext [main] Root WebApplicationContext: initialization completed in 3025 ms
2023-02-10 18:55:06,646 INFO org.hibernate.jpa.internal.util.LogHelper [main] HHH000204: Processing PersistenceUnitInfo [name: default]
2023-02-10 18:55:06,717 INFO org.hibernate.Version [main] HHH000412: Hibernate ORM core version 5.6.11.Final
2023-02-10 18:55:06,964 INFO org.hibernate.annotations.common.reflection.java.JavaReflectionManager [main] HCANN000001: Hibernate Commons Annotations {5.1.2.Final}
2023-02-10 18:55:07,132 INFO com.zaxxer.hikari.HikariDataSource [main] HikariPool-1 - Starting...
2023-02-10 18:55:07,325 INFO com.zaxxer.hikari.HikariDataSource [main] HikariPool-1 - Start completed.
2023-02-10 18:55:07,346 INFO org.hibernate.dialect.Dialect [main] HHH000400: Using dialect: org.hibernate.dialect.MySQL8Dialect
2023-02-10 18:55:08,343 INFO org.hibernate.engine.transaction.jta.platform.internal.JtaPlatformInitiator [main] HHH000490: Using JtaPlatform implementation: [org.hibernate.engine.transaction.jta.platform.internal.NoJtaPlatform]
2023-02-10 18:55:08,354 INFO org.springframework.orm.jpa.AbstractEntityManagerFactoryBean [main] Initialized JPA EntityManagerFactory for persistence unit 'default'
2023-02-10 18:55:09,773 INFO org.springframework.security.web.DefaultSecurityFilterChain [main] Will secure any request with [org.springframework.security.web.session.DisableEncodeUrlFilter@74f92d14, org.springframework.security.web.context.request.async.WebAsyncManagerIntegrationFilter@40071890, org.springframework.security.web.context.SecurityContextPersistenceFilter@396c1228, org.springframework.security.web.header.HeaderWriterFilter@774189d0, org.springframework.security.web.authentication.logout.LogoutFilter@9fd3b61, org.springframework.security.web.authentication.UsernamePasswordAuthenticationFilter@6166aac5, org.springframework.security.web.authentication.ui.DefaultLoginPageGeneratingFilter@4e7151b3, org.springframework.security.web.authentication.ui.DefaultLogoutPageGeneratingFilter@748aa7dc, org.springframework.security.web.savedrequest.RequestCacheAwareFilter@7f584d0c, org.springframework.security.web.servletapi.SecurityContextHolderAwareRequestFilter@4c599679, org.springframework.security.web.authentication.AnonymousAuthenticationFilter@31e84f10, org.springframework.security.web.session.SessionManagementFilter@2681185e, org.springframework.security.web.access.ExceptionTranslationFilter@7c07023, org.springframework.security.web.access.intercept.FilterSecurityInterceptor@556944cd]
2023-02-10 18:55:10,138 INFO org.springframework.boot.autoconfigure.web.servlet.WelcomePageHandlerMapping [main] Adding welcome page template: index
2023-02-10 18:55:11,805 INFO org.apache.juli.logging.DirectJDKLog [main] Starting ProtocolHandler ["http-nio-8080"]
2023-02-10 18:55:11,833 WARN org.springframework.context.support.AbstractApplicationContext [main] Exception encountered during context initialization - cancelling refresh attempt: org.springframework.context.ApplicationContextException: Failed to start bean 'webServerStartStop'; nested exception is org.springframework.boot.web.server.PortInUseException: Port 8080 is already in use
2023-02-10 18:55:11,844 INFO org.springframework.orm.jpa.AbstractEntityManagerFactoryBean [main] Closing JPA EntityManagerFactory for persistence unit 'default'
2023-02-10 18:55:11,857 INFO com.zaxxer.hikari.HikariDataSource [main] HikariPool-1 - Shutdown initiated...
2023-02-10 18:55:12,064 INFO com.zaxxer.hikari.HikariDataSource [main] HikariPool-1 - Shutdown completed.
2023-02-10 18:55:12,068 INFO org.apache.juli.logging.DirectJDKLog [main] Pausing ProtocolHandler ["http-nio-8080"]
2023-02-10 18:55:12,069 INFO org.apache.juli.logging.DirectJDKLog [main] Stopping service [Tomcat]
2023-02-10 18:55:12,076 INFO org.apache.juli.logging.DirectJDKLog [main] Stopping ProtocolHandler ["http-nio-8080"]
2023-02-10 18:55:12,077 INFO org.apache.juli.logging.DirectJDKLog [main] Destroying ProtocolHandler ["http-nio-8080"]
2023-02-10 18:55:12,092 INFO org.springframework.boot.autoconfigure.logging.ConditionEvaluationReportLoggingListener [main] 

Error starting ApplicationContext. To display the conditions report re-run your application with 'debug' enabled.
2023-02-10 18:55:12,157 ERROR org.springframework.boot.diagnostics.LoggingFailureAnalysisReporter [main] 

***************************
APPLICATION FAILED TO START
***************************

Description:

Web server failed to start. Port 8080 was already in use.

Action:

Identify and stop the process that's listening on port 8080 or configure this application to listen on another port.

2023-02-10 18:55:32,775 INFO org.springframework.boot.StartupInfoLogger [main] Starting Application using Java 17.0.5 on HOME-PC with PID 18500 (C:\Users\russell32\IdeaProjects\searchengine-master\target\classes started by russell32 in C:\Users\russell32\IdeaProjects\searchengine-master)
2023-02-10 18:55:32,783 INFO org.springframework.boot.SpringApplication [main] No active profile set, falling back to 1 default profile: "default"
2023-02-10 18:55:33,969 INFO org.springframework.data.repository.config.RepositoryConfigurationDelegate [main] Bootstrapping Spring Data JPA repositories in DEFAULT mode.
2023-02-10 18:55:34,072 INFO org.springframework.data.repository.config.RepositoryConfigurationDelegate [main] Finished Spring Data repository scanning in 90 ms. Found 4 JPA repository interfaces.
2023-02-10 18:55:35,072 INFO org.springframework.boot.web.embedded.tomcat.TomcatWebServer [main] Tomcat initialized with port(s): 8080 (http)
2023-02-10 18:55:35,087 INFO org.apache.juli.logging.DirectJDKLog [main] Initializing ProtocolHandler ["http-nio-8080"]
2023-02-10 18:55:35,088 INFO org.apache.juli.logging.DirectJDKLog [main] Starting service [Tomcat]
2023-02-10 18:55:35,088 INFO org.apache.juli.logging.DirectJDKLog [main] Starting Servlet engine: [Apache Tomcat/9.0.65]
2023-02-10 18:55:35,261 INFO org.apache.juli.logging.DirectJDKLog [main] Initializing Spring embedded WebApplicationContext
2023-02-10 18:55:35,262 INFO org.springframework.boot.web.servlet.context.ServletWebServerApplicationContext [main] Root WebApplicationContext: initialization completed in 2408 ms
2023-02-10 18:55:35,577 INFO org.hibernate.jpa.internal.util.LogHelper [main] HHH000204: Processing PersistenceUnitInfo [name: default]
2023-02-10 18:55:35,641 INFO org.hibernate.Version [main] HHH000412: Hibernate ORM core version 5.6.11.Final
2023-02-10 18:55:35,886 INFO org.hibernate.annotations.common.reflection.java.JavaReflectionManager [main] HCANN000001: Hibernate Commons Annotations {5.1.2.Final}
2023-02-10 18:55:36,190 INFO com.zaxxer.hikari.HikariDataSource [main] HikariPool-1 - Starting...
2023-02-10 18:55:36,514 INFO com.zaxxer.hikari.HikariDataSource [main] HikariPool-1 - Start completed.
2023-02-10 18:55:36,534 INFO org.hibernate.dialect.Dialect [main] HHH000400: Using dialect: org.hibernate.dialect.MySQL8Dialect
2023-02-10 18:55:37,505 INFO org.hibernate.engine.transaction.jta.platform.internal.JtaPlatformInitiator [main] HHH000490: Using JtaPlatform implementation: [org.hibernate.engine.transaction.jta.platform.internal.NoJtaPlatform]
2023-02-10 18:55:37,515 INFO org.springframework.orm.jpa.AbstractEntityManagerFactoryBean [main] Initialized JPA EntityManagerFactory for persistence unit 'default'
2023-02-10 18:55:39,148 INFO org.springframework.security.web.DefaultSecurityFilterChain [main] Will secure any request with [org.springframework.security.web.session.DisableEncodeUrlFilter@6166aac5, org.springframework.security.web.context.request.async.WebAsyncManagerIntegrationFilter@7e36d508, org.springframework.security.web.context.SecurityContextPersistenceFilter@774189d0, org.springframework.security.web.header.HeaderWriterFilter@18918d70, org.springframework.security.web.authentication.logout.LogoutFilter@1477d4e6, org.springframework.security.web.authentication.UsernamePasswordAuthenticationFilter@684430c1, org.springframework.security.web.authentication.ui.DefaultLoginPageGeneratingFilter@4c599679, org.springframework.security.web.authentication.ui.DefaultLogoutPageGeneratingFilter@1d4531fa, org.springframework.security.web.savedrequest.RequestCacheAwareFilter@2681185e, org.springframework.security.web.servletapi.SecurityContextHolderAwareRequestFilter@41f5389f, org.springframework.security.web.authentication.AnonymousAuthenticationFilter@68cb8e52, org.springframework.security.web.session.SessionManagementFilter@7304ca87, org.springframework.security.web.access.ExceptionTranslationFilter@12478b4e, org.springframework.security.web.access.intercept.FilterSecurityInterceptor@2b30b627]
2023-02-10 18:55:39,549 INFO org.springframework.boot.autoconfigure.web.servlet.WelcomePageHandlerMapping [main] Adding welcome page template: index
2023-02-10 18:55:41,134 INFO org.apache.juli.logging.DirectJDKLog [main] Starting ProtocolHandler ["http-nio-8080"]
2023-02-10 18:55:41,167 INFO org.springframework.boot.web.embedded.tomcat.TomcatWebServer [main] Tomcat started on port(s): 8080 (http) with context path ''
2023-02-10 18:55:41,183 INFO org.springframework.boot.StartupInfoLogger [main] Started Application in 9.086 seconds (JVM running for 9.819)
